[24-Nov-2025 19:34:27 UTC] PHP Deprecated:  ltrim(): Passing null to parameter #1 ($string) of type string is deprecated in /home/hipmedya/dashboard.hipmedya.com/wp-includes/formatting.php on line 4486
[24-Nov-2025 19:34:54 UTC] PHP Deprecated:  ltrim(): Passing null to parameter #1 ($string) of type string is deprecated in /home/hipmedya/dashboard.hipmedya.com/wp-includes/formatting.php on line 4486
[24-Nov-2025 19:35:10 UTC] PHP Deprecated:  ltrim(): Passing null to parameter #1 ($string) of type string is deprecated in /home/hipmedya/dashboard.hipmedya.com/wp-includes/formatting.php on line 4486
[24-Nov-2025 19:36:07 UTC] PHP Deprecated:  ltrim(): Passing null to parameter #1 ($string) of type string is deprecated in /home/hipmedya/dashboard.hipmedya.com/wp-includes/formatting.php on line 4486
[24-Nov-2025 19:36:15 UTC] PHP Deprecated:  ltrim(): Passing null to parameter #1 ($string) of type string is deprecated in /home/hipmedya/dashboard.hipmedya.com/wp-includes/formatting.php on line 4486
[24-Nov-2025 19:36:15 UTC] PHP Deprecated:  ltrim(): Passing null to parameter #1 ($string) of type string is deprecated in /home/hipmedya/dashboard.hipmedya.com/wp-includes/formatting.php on line 4486
[24-Nov-2025 19:36:17 UTC] PHP Deprecated:  ltrim(): Passing null to parameter #1 ($string) of type string is deprecated in /home/hipmedya/dashboard.hipmedya.com/wp-includes/formatting.php on line 4486
[24-Nov-2025 19:36:24 UTC] PHP Deprecated:  ltrim(): Passing null to parameter #1 ($string) of type string is deprecated in /home/hipmedya/dashboard.hipmedya.com/wp-includes/formatting.php on line 4486
[24-Nov-2025 19:36:31 UTC] PHP Deprecated:  ltrim(): Passing null to parameter #1 ($string) of type string is deprecated in /home/hipmedya/dashboard.hipmedya.com/wp-includes/formatting.php on line 4486
[24-Nov-2025 19:37:16 UTC] PHP Deprecated:  ltrim(): Passing null to parameter #1 ($string) of type string is deprecated in /home/hipmedya/dashboard.hipmedya.com/wp-includes/formatting.php on line 4486
[24-Nov-2025 19:37:47 UTC] PHP Deprecated:  ltrim(): Passing null to parameter #1 ($string) of type string is deprecated in /home/hipmedya/dashboard.hipmedya.com/wp-includes/formatting.php on line 4486
[24-Nov-2025 19:37:51 UTC] PHP Deprecated:  ltrim(): Passing null to parameter #1 ($string) of type string is deprecated in /home/hipmedya/dashboard.hipmedya.com/wp-includes/formatting.php on line 4486
[24-Nov-2025 19:38:04 UTC] PHP Deprecated:  ltrim(): Passing null to parameter #1 ($string) of type string is deprecated in /home/hipmedya/dashboard.hipmedya.com/wp-includes/formatting.php on line 4486
[24-Nov-2025 19:38:05 UTC] PHP Deprecated:  ltrim(): Passing null to parameter #1 ($string) of type string is deprecated in /home/hipmedya/dashboard.hipmedya.com/wp-includes/formatting.php on line 4486
[24-Nov-2025 19:38:06 UTC] PHP Deprecated:  ltrim(): Passing null to parameter #1 ($string) of type string is deprecated in /home/hipmedya/dashboard.hipmedya.com/wp-includes/formatting.php on line 4486
[24-Nov-2025 19:38:09 UTC] PHP Deprecated:  ltrim(): Passing null to parameter #1 ($string) of type string is deprecated in /home/hipmedya/dashboard.hipmedya.com/wp-includes/formatting.php on line 4486
[24-Nov-2025 19:38:34 UTC] PHP Deprecated:  ltrim(): Passing null to parameter #1 ($string) of type string is deprecated in /home/hipmedya/dashboard.hipmedya.com/wp-includes/formatting.php on line 4486
[24-Nov-2025 19:38:37 UTC] PHP Deprecated:  ltrim(): Passing null to parameter #1 ($string) of type string is deprecated in /home/hipmedya/dashboard.hipmedya.com/wp-includes/formatting.php on line 4486
[24-Nov-2025 19:38:42 UTC] PHP Deprecated:  ltrim(): Passing null to parameter #1 ($string) of type string is deprecated in /home/hipmedya/dashboard.hipmedya.com/wp-includes/formatting.php on line 4486
[24-Nov-2025 19:38:47 UTC] PHP Deprecated:  ltrim(): Passing null to parameter #1 ($string) of type string is deprecated in /home/hipmedya/dashboard.hipmedya.com/wp-includes/formatting.php on line 4486
[24-Nov-2025 19:38:54 UTC] PHP Deprecated:  ltrim(): Passing null to parameter #1 ($string) of type string is deprecated in /home/hipmedya/dashboard.hipmedya.com/wp-includes/formatting.php on line 4486
[24-Nov-2025 19:38:55 UTC] PHP Warning:  Undefined variable $i in /home/hipmedya/dashboard.hipmedya.com/wp-content/themes/essentials/archive-fatura.php on line 214
[24-Nov-2025 19:39:02 UTC] PHP Deprecated:  ltrim(): Passing null to parameter #1 ($string) of type string is deprecated in /home/hipmedya/dashboard.hipmedya.com/wp-includes/formatting.php on line 4486
[24-Nov-2025 19:39:14 UTC] PHP Deprecated:  ltrim(): Passing null to parameter #1 ($string) of type string is deprecated in /home/hipmedya/dashboard.hipmedya.com/wp-includes/formatting.php on line 4486
[24-Nov-2025 19:39:14 UTC] PHP Warning:  Undefined variable $view_mode in /home/hipmedya/dashboard.hipmedya.com/wp-content/themes/essentials/template-parts/kampanya/filter-bar.php on line 75
[24-Nov-2025 19:39:14 UTC] PHP Warning:  Undefined variable $view_mode in /home/hipmedya/dashboard.hipmedya.com/wp-content/themes/essentials/template-parts/kampanya/filter-bar.php on line 78
[24-Nov-2025 19:39:18 UTC] PHP Deprecated:  ltrim(): Passing null to parameter #1 ($string) of type string is deprecated in /home/hipmedya/dashboard.hipmedya.com/wp-includes/formatting.php on line 4486
[24-Nov-2025 19:39:44 UTC] PHP Deprecated:  ltrim(): Passing null to parameter #1 ($string) of type string is deprecated in /home/hipmedya/dashboard.hipmedya.com/wp-includes/formatting.php on line 4486
[24-Nov-2025 19:39:45 UTC] PHP Deprecated:  ltrim(): Passing null to parameter #1 ($string) of type string is deprecated in /home/hipmedya/dashboard.hipmedya.com/wp-includes/formatting.php on line 4486
[24-Nov-2025 19:40:49 UTC] PHP Deprecated:  ltrim(): Passing null to parameter #1 ($string) of type string is deprecated in /home/hipmedya/dashboard.hipmedya.com/wp-includes/formatting.php on line 4486
[24-Nov-2025 19:40:53 UTC] PHP Deprecated:  ltrim(): Passing null to parameter #1 ($string) of type string is deprecated in /home/hipmedya/dashboard.hipmedya.com/wp-includes/formatting.php on line 4486
[24-Nov-2025 19:40:55 UTC] PHP Deprecated:  ltrim(): Passing null to parameter #1 ($string) of type string is deprecated in /home/hipmedya/dashboard.hipmedya.com/wp-includes/formatting.php on line 4486
[24-Nov-2025 19:40:59 UTC] PHP Deprecated:  ltrim(): Passing null to parameter #1 ($string) of type string is deprecated in /home/hipmedya/dashboard.hipmedya.com/wp-includes/formatting.php on line 4486
[24-Nov-2025 19:41:10 UTC] PHP Deprecated:  ltrim(): Passing null to parameter #1 ($string) of type string is deprecated in /home/hipmedya/dashboard.hipmedya.com/wp-includes/formatting.php on line 4486
[24-Nov-2025 19:41:12 UTC] PHP Deprecated:  ltrim(): Passing null to parameter #1 ($string) of type string is deprecated in /home/hipmedya/dashboard.hipmedya.com/wp-includes/formatting.php on line 4486
[24-Nov-2025 19:41:15 UTC] PHP Deprecated:  ltrim(): Passing null to parameter #1 ($string) of type string is deprecated in /home/hipmedya/dashboard.hipmedya.com/wp-includes/formatting.php on line 4486
[24-Nov-2025 19:42:05 UTC] PHP Deprecated:  ltrim(): Passing null to parameter #1 ($string) of type string is deprecated in /home/hipmedya/dashboard.hipmedya.com/wp-includes/formatting.php on line 4486
[24-Nov-2025 19:42:19 UTC] PHP Deprecated:  ltrim(): Passing null to parameter #1 ($string) of type string is deprecated in /home/hipmedya/dashboard.hipmedya.com/wp-includes/formatting.php on line 4486
[24-Nov-2025 19:42:24 UTC] PHP Deprecated:  ltrim(): Passing null to parameter #1 ($string) of type string is deprecated in /home/hipmedya/dashboard.hipmedya.com/wp-includes/formatting.php on line 4486
[24-Nov-2025 19:42:24 UTC] PHP Deprecated:  ltrim(): Passing null to parameter #1 ($string) of type string is deprecated in /home/hipmedya/dashboard.hipmedya.com/wp-includes/formatting.php on line 4486
[24-Nov-2025 19:42:32 UTC] PHP Deprecated:  ltrim(): Passing null to parameter #1 ($string) of type string is deprecated in /home/hipmedya/dashboard.hipmedya.com/wp-includes/formatting.php on line 4486
[24-Nov-2025 19:42:36 UTC] PHP Deprecated:  ltrim(): Passing null to parameter #1 ($string) of type string is deprecated in /home/hipmedya/dashboard.hipmedya.com/wp-includes/formatting.php on line 4486
[24-Nov-2025 19:42:37 UTC] PHP Deprecated:  ltrim(): Passing null to parameter #1 ($string) of type string is deprecated in /home/hipmedya/dashboard.hipmedya.com/wp-includes/formatting.php on line 4486
[24-Nov-2025 19:42:38 UTC] PHP Deprecated:  ltrim(): Passing null to parameter #1 ($string) of type string is deprecated in /home/hipmedya/dashboard.hipmedya.com/wp-includes/formatting.php on line 4486
[24-Nov-2025 19:42:40 UTC] PHP Deprecated:  ltrim(): Passing null to parameter #1 ($string) of type string is deprecated in /home/hipmedya/dashboard.hipmedya.com/wp-includes/formatting.php on line 4486
[24-Nov-2025 19:42:41 UTC] PHP Deprecated:  ltrim(): Passing null to parameter #1 ($string) of type string is deprecated in /home/hipmedya/dashboard.hipmedya.com/wp-includes/formatting.php on line 4486
[24-Nov-2025 19:42:43 UTC] PHP Deprecated:  ltrim(): Passing null to parameter #1 ($string) of type string is deprecated in /home/hipmedya/dashboard.hipmedya.com/wp-includes/formatting.php on line 4486
[24-Nov-2025 19:42:45 UTC] PHP Deprecated:  ltrim(): Passing null to parameter #1 ($string) of type string is deprecated in /home/hipmedya/dashboard.hipmedya.com/wp-includes/formatting.php on line 4486
[24-Nov-2025 19:42:46 UTC] PHP Deprecated:  ltrim(): Passing null to parameter #1 ($string) of type string is deprecated in /home/hipmedya/dashboard.hipmedya.com/wp-includes/formatting.php on line 4486
[24-Nov-2025 19:42:56 UTC] PHP Deprecated:  ltrim(): Passing null to parameter #1 ($string) of type string is deprecated in /home/hipmedya/dashboard.hipmedya.com/wp-includes/formatting.php on line 4486
[24-Nov-2025 19:42:57 UTC] PHP Deprecated:  ltrim(): Passing null to parameter #1 ($string) of type string is deprecated in /home/hipmedya/dashboard.hipmedya.com/wp-includes/formatting.php on line 4486
[24-Nov-2025 19:43:00 UTC] PHP Deprecated:  ltrim(): Passing null to parameter #1 ($string) of type string is deprecated in /home/hipmedya/dashboard.hipmedya.com/wp-includes/formatting.php on line 4486
[24-Nov-2025 19:43:02 UTC] PHP Deprecated:  ltrim(): Passing null to parameter #1 ($string) of type string is deprecated in /home/hipmedya/dashboard.hipmedya.com/wp-includes/formatting.php on line 4486
[24-Nov-2025 19:43:03 UTC] PHP Deprecated:  ltrim(): Passing null to parameter #1 ($string) of type string is deprecated in /home/hipmedya/dashboard.hipmedya.com/wp-includes/formatting.php on line 4486
[24-Nov-2025 19:43:05 UTC] PHP Deprecated:  ltrim(): Passing null to parameter #1 ($string) of type string is deprecated in /home/hipmedya/dashboard.hipmedya.com/wp-includes/formatting.php on line 4486
[24-Nov-2025 19:43:10 UTC] PHP Deprecated:  ltrim(): Passing null to parameter #1 ($string) of type string is deprecated in /home/hipmedya/dashboard.hipmedya.com/wp-includes/formatting.php on line 4486
[24-Nov-2025 19:43:14 UTC] H2L Reminder Çalıştı. Şu anki WP Zamanı: 2025-11-24 22:43:14
[24-Nov-2025 19:43:14 UTC] H2L Reminder: 5 adet görev bulundu.
[24-Nov-2025 19:43:15 UTC] H2L Reminder: Görev ID 288 (merhaba bu görevi hatırlamak istiyorum. <span class="h2l-highlight-tag mention">@selim</span> <span class="h2l-highlight-tag priority priority-p1">p1</span> ) için mail gönderildi ve işaretlendi.
[24-Nov-2025 19:43:16 UTC] H2L Reminder: Görev ID 289 (sunucu saati <span class="h2l-highlight-tag mention">@selim</span> ) için mail gönderildi ve işaretlendi.
[24-Nov-2025 19:43:16 UTC] H2L Reminder: Görev ID 290 (gelecek görev <span class="h2l-highlight-tag mention">@selim</span> ) için mail gönderildi ve işaretlendi.
[24-Nov-2025 19:43:17 UTC] H2L Reminder: Görev ID 291 (son görev geçmiş <span class="h2l-highlight-tag mention">@selim</span> <span class="h2l-highlight-tag date">bugün</span> <span class="h2l-highlight-tag date">22:27</span> ) için mail gönderildi ve işaretlendi.
[24-Nov-2025 19:43:17 UTC] H2L Reminder: Görev ID 293 (bazı görevler hatırlanır. <span class="h2l-highlight-tag mention">@selim</span> <span class="h2l-highlight-tag date">bugün</span> <span class="h2l-highlight-tag date">22:35</span> ) için mail gönderildi ve işaretlendi.
